<?xml version="1.0" encoding="UTF-8"?>
<testsuite xmlns:xsi="http://www.w3.org/2001/XMLSchema-instance" xsi:noNamespaceSchemaLocation="https://maven.apache.org/surefire/maven-surefire-plugin/xsd/surefire-test-report.xsd" version="3.0.2" name="com.suke.mcp.common.exception.ToolExecutionExceptionTest" time="0.001" tests="2" errors="0" skipped="0" failures="0">
  <properties>
[...]
</properties>
  <testcase name="preservesCause" classname="com.suke.mcp.common.exception.ToolExecutionExceptionTest" time="0.001"/>
  <testcase name="preservesToolNameAndMessage" classname="com.suke.mcp.common.exception.ToolExecutionExceptionTest" time="0.0"/>
</testsuite>